26-Sep-2022 12:30:13.405 INFO [main] org.apache.catalina.startup.VersionLoggerListener.log Nombre de la versión del servidor: Apache Tomcat/10.0.23
26-Sep-2022 12:30:13.412 INFO [main] org.apache.catalina.startup.VersionLoggerListener.log Server built:                      Jul 14 2022 08:16:11 UTC
26-Sep-2022 12:30:13.412 INFO [main] org.apache.catalina.startup.VersionLoggerListener.log Número de versión de servidor:     10.0.23.0
26-Sep-2022 12:30:13.413 INFO [main] org.apache.catalina.startup.VersionLoggerListener.log OS Name:                           Windows 10
26-Sep-2022 12:30:13.413 INFO [main] org.apache.catalina.startup.VersionLoggerListener.log Versión de Systema Operativo:      10.0
26-Sep-2022 12:30:13.413 INFO [main] org.apache.catalina.startup.VersionLoggerListener.log Arquitectura:                      amd64
26-Sep-2022 12:30:13.414 INFO [main] org.apache.catalina.startup.VersionLoggerListener.log Java Home:                         C:\Program Files\Java\jdk-18.0.1
26-Sep-2022 12:30:13.414 INFO [main] org.apache.catalina.startup.VersionLoggerListener.log JVM Version:                       18.0.1+10-24
26-Sep-2022 12:30:13.414 INFO [main] org.apache.catalina.startup.VersionLoggerListener.log Vededor JVM:                       Oracle Corporation
26-Sep-2022 12:30:13.415 INFO [main] org.apache.catalina.startup.VersionLoggerListener.log CATALINA_BASE:                     C:\Users\fraferda\Desktop\Segundo\Acceso a datos\apache
26-Sep-2022 12:30:13.415 INFO [main] org.apache.catalina.startup.VersionLoggerListener.log CATALINA_HOME:                     C:\Users\fraferda\Desktop\Segundo\Acceso a datos\apache
26-Sep-2022 12:30:13.439 INFO [main] org.apache.catalina.startup.VersionLoggerListener.log Command line argument:             --add-opens=java.base/java.lang=ALL-UNNAMED
26-Sep-2022 12:30:13.439 INFO [main] org.apache.catalina.startup.VersionLoggerListener.log Command line argument:             --add-opens=java.base/java.io=ALL-UNNAMED
26-Sep-2022 12:30:13.439 INFO [main] org.apache.catalina.startup.VersionLoggerListener.log Command line argument:             --add-opens=java.base/java.util=ALL-UNNAMED
26-Sep-2022 12:30:13.439 INFO [main] org.apache.catalina.startup.VersionLoggerListener.log Command line argument:             --add-opens=java.base/java.util.concurrent=ALL-UNNAMED
26-Sep-2022 12:30:13.440 INFO [main] org.apache.catalina.startup.VersionLoggerListener.log Command line argument:             --add-opens=java.rmi/sun.rmi.transport=ALL-UNNAMED
26-Sep-2022 12:30:13.440 INFO [main] org.apache.catalina.startup.VersionLoggerListener.log Command line argument:             -Djava.util.logging.config.file=C:\Users\fraferda\Desktop\Segundo\Acceso a datos\apache\conf\logging.properties
26-Sep-2022 12:30:13.440 INFO [main] org.apache.catalina.startup.VersionLoggerListener.log Command line argument:             -Djava.util.logging.manager=org.apache.juli.ClassLoaderLogManager
26-Sep-2022 12:30:13.441 INFO [main] org.apache.catalina.startup.VersionLoggerListener.log Command line argument:             -Djdk.tls.ephemeralDHKeySize=2048
26-Sep-2022 12:30:13.441 INFO [main] org.apache.catalina.startup.VersionLoggerListener.log Command line argument:             -Djava.protocol.handler.pkgs=org.apache.catalina.webresources
26-Sep-2022 12:30:13.443 INFO [main] org.apache.catalina.startup.VersionLoggerListener.log Command line argument:             -Dignore.endorsed.dirs=
26-Sep-2022 12:30:13.444 INFO [main] org.apache.catalina.startup.VersionLoggerListener.log Command line argument:             -Dcatalina.base=C:\Users\fraferda\Desktop\Segundo\Acceso a datos\apache
26-Sep-2022 12:30:13.445 INFO [main] org.apache.catalina.startup.VersionLoggerListener.log Command line argument:             -Dcatalina.home=C:\Users\fraferda\Desktop\Segundo\Acceso a datos\apache
26-Sep-2022 12:30:13.446 INFO [main] org.apache.catalina.startup.VersionLoggerListener.log Command line argument:             -Djava.io.tmpdir=C:\Users\fraferda\Desktop\Segundo\Acceso a datos\apache\temp
26-Sep-2022 12:30:13.450 INFO [main] org.apache.catalina.core.AprLifecycleListener.lifecycleEvent Cargada la biblioteca nativa APR de Apache Tomcat [1.2.35] con la versión APR [1.7.0].
26-Sep-2022 12:30:13.450 INFO [main] org.apache.catalina.core.AprLifecycleListener.lifecycleEvent Capacidades APR: IPv6 [true], enviar fichero [true], aceptar filtros [false], aleatorio [true], UDS [true].
26-Sep-2022 12:30:13.470 INFO [main] org.apache.catalina.core.AprLifecycleListener.initializeSSL OpenSSL inicializado correctamente [OpenSSL 1.1.1q  5 Jul 2022]
26-Sep-2022 12:30:13.766 INFO [main] org.apache.coyote.AbstractProtocol.init Inicializando el manejador de protocolo ["http-nio-8080"]

26-Sep-2022 12:30:13.798 INFO [main] org.apache.catalina.startup.Catalina.load Server initialization in [647] milliseconds
26-Sep-2022 12:30:13.857 INFO [main] org.apache.catalina.core.StandardService.startInternal Arrancando servicio [Catalina]
26-Sep-2022 12:30:13.858 INFO [main] org.apache.catalina.core.StandardEngine.startInternal Starting Servlet engine: [Apache Tomcat/10.0.23]
26-Sep-2022 12:30:13.873 INFO [main] org.apache.catalina.startup.HostConfig.deployDirectory Desplegando el directorio [C:\Users\fraferda\Desktop\Segundo\Acceso a datos\apache\webapps\docs] de la aplicación web
26-Sep-2022 12:30:14.224 INFO [main] org.apache.catalina.startup.HostConfig.deployDirectory Deployment of web application directory [C:\Users\fraferda\Desktop\Segundo\Acceso a datos\apache\webapps\docs] has finished in [349] ms
26-Sep-2022 12:30:14.225 INFO [main] org.apache.catalina.startup.HostConfig.deployDirectory Desplegando el directorio [C:\Users\fraferda\Desktop\Segundo\Acceso a datos\apache\webapps\examples] de la aplicación web
26-Sep-2022 12:30:14.696 INFO [main] org.apache.catalina.startup.HostConfig.deployDirectory Deployment of web application directory [C:\Users\fraferda\Desktop\Segundo\Acceso a datos\apache\webapps\examples] has finished in [471] ms
26-Sep-2022 12:30:14.696 INFO [main] org.apache.catalina.startup.HostConfig.deployDirectory Desplegando el directorio [C:\Users\fraferda\Desktop\Segundo\Acceso a datos\apache\webapps\host-manager] de la aplicación web
26-Sep-2022 12:30:14.744 INFO [main] org.apache.catalina.startup.HostConfig.deployDirectory Deployment of web application directory [C:\Users\fraferda\Desktop\Segundo\Acceso a datos\apache\webapps\host-manager] has finished in [48] ms
26-Sep-2022 12:30:14.744 INFO [main] org.apache.catalina.startup.HostConfig.deployDirectory Desplegando el directorio [C:\Users\fraferda\Desktop\Segundo\Acceso a datos\apache\webapps\manager] de la aplicación web
26-Sep-2022 12:30:14.790 INFO [main] org.apache.catalina.startup.HostConfig.deployDirectory Deployment of web application directory [C:\Users\fraferda\Desktop\Segundo\Acceso a datos\apache\webapps\manager] has finished in [46] ms
26-Sep-2022 12:30:14.791 INFO [main] org.apache.catalina.startup.HostConfig.deployDirectory Desplegando el directorio [C:\Users\fraferda\Desktop\Segundo\Acceso a datos\apache\webapps\ROOT] de la aplicación web
26-Sep-2022 12:30:14.819 INFO [main] org.apache.catalina.startup.HostConfig.deployDirectory Deployment of web application directory [C:\Users\fraferda\Desktop\Segundo\Acceso a datos\apache\webapps\ROOT] has finished in [29] ms
26-Sep-2022 12:30:14.823 INFO [main] org.apache.coyote.AbstractProtocol.start Starting ProtocolHandler ["http-nio-8080"]
26-Sep-2022 12:30:14.882 INFO [main] org.apache.catalina.startup.Catalina.start Server startup in [1081] milliseconds
26-Sep-2022 12:39:55.904 INFO [Catalina-utility-2] org.apache.catalina.users.MemoryUserDatabase.backgroundProcess Reloading memory user database [UserDatabase] from updated source [file:/C:/Users/fraferda/Desktop/Segundo/Acceso%20a%20datos/apache/conf/tomcat-users.xml]
26-Sep-2022 12:40:05.756 INFO [main] org.apache.catalina.startup.VersionLoggerListener.log Nombre de la versión del servidor: Apache Tomcat/10.0.23
26-Sep-2022 12:40:05.759 INFO [main] org.apache.catalina.startup.VersionLoggerListener.log Server built:                      Jul 14 2022 08:16:11 UTC
26-Sep-2022 12:40:05.759 INFO [main] org.apache.catalina.startup.VersionLoggerListener.log Número de versión de servidor:     10.0.23.0
26-Sep-2022 12:40:05.760 INFO [main] org.apache.catalina.startup.VersionLoggerListener.log OS Name:                           Windows 10
26-Sep-2022 12:40:05.760 INFO [main] org.apache.catalina.startup.VersionLoggerListener.log Versión de Systema Operativo:      10.0
26-Sep-2022 12:40:05.760 INFO [main] org.apache.catalina.startup.VersionLoggerListener.log Arquitectura:                      amd64
26-Sep-2022 12:40:05.760 INFO [main] org.apache.catalina.startup.VersionLoggerListener.log Java Home:                         C:\Program Files\Java\jdk-18.0.1
26-Sep-2022 12:40:05.760 INFO [main] org.apache.catalina.startup.VersionLoggerListener.log JVM Version:                       18.0.1+10-24
26-Sep-2022 12:40:05.760 INFO [main] org.apache.catalina.startup.VersionLoggerListener.log Vededor JVM:                       Oracle Corporation
26-Sep-2022 12:40:05.761 INFO [main] org.apache.catalina.startup.VersionLoggerListener.log CATALINA_BASE:                     C:\Users\fraferda\Desktop\Segundo\Acceso a datos\apache
26-Sep-2022 12:40:05.761 INFO [main] org.apache.catalina.startup.VersionLoggerListener.log CATALINA_HOME:                     C:\Users\fraferda\Desktop\Segundo\Acceso a datos\apache
26-Sep-2022 12:40:05.769 INFO [main] org.apache.catalina.startup.VersionLoggerListener.log Command line argument:             --add-opens=java.base/java.lang=ALL-UNNAMED
26-Sep-2022 12:40:05.769 INFO [main] org.apache.catalina.startup.VersionLoggerListener.log Command line argument:             --add-opens=java.base/java.io=ALL-UNNAMED
26-Sep-2022 12:40:05.769 INFO [main] org.apache.catalina.startup.VersionLoggerListener.log Command line argument:             --add-opens=java.base/java.util=ALL-UNNAMED
26-Sep-2022 12:40:05.769 INFO [main] org.apache.catalina.startup.VersionLoggerListener.log Command line argument:             --add-opens=java.base/java.util.concurrent=ALL-UNNAMED
26-Sep-2022 12:40:05.770 INFO [main] org.apache.catalina.startup.VersionLoggerListener.log Command line argument:             --add-opens=java.rmi/sun.rmi.transport=ALL-UNNAMED
26-Sep-2022 12:40:05.770 INFO [main] org.apache.catalina.startup.VersionLoggerListener.log Command line argument:             -Djava.util.logging.config.file=C:\Users\fraferda\Desktop\Segundo\Acceso a datos\apache\conf\logging.properties
26-Sep-2022 12:40:05.770 INFO [main] org.apache.catalina.startup.VersionLoggerListener.log Command line argument:             -Djava.util.logging.manager=org.apache.juli.ClassLoaderLogManager
26-Sep-2022 12:40:05.771 INFO [main] org.apache.catalina.startup.VersionLoggerListener.log Command line argument:             -Djdk.tls.ephemeralDHKeySize=2048
26-Sep-2022 12:40:05.771 INFO [main] org.apache.catalina.startup.VersionLoggerListener.log Command line argument:             -Djava.protocol.handler.pkgs=org.apache.catalina.webresources
26-Sep-2022 12:40:05.771 INFO [main] org.apache.catalina.startup.VersionLoggerListener.log Command line argument:             -Dignore.endorsed.dirs=
26-Sep-2022 12:40:05.772 INFO [main] org.apache.catalina.startup.VersionLoggerListener.log Command line argument:             -Dcatalina.base=C:\Users\fraferda\Desktop\Segundo\Acceso a datos\apache
26-Sep-2022 12:40:05.772 INFO [main] org.apache.catalina.startup.VersionLoggerListener.log Command line argument:             -Dcatalina.home=C:\Users\fraferda\Desktop\Segundo\Acceso a datos\apache
26-Sep-2022 12:40:05.772 INFO [main] org.apache.catalina.startup.VersionLoggerListener.log Command line argument:             -Djava.io.tmpdir=C:\Users\fraferda\Desktop\Segundo\Acceso a datos\apache\temp
26-Sep-2022 12:40:05.775 INFO [main] org.apache.catalina.core.AprLifecycleListener.lifecycleEvent Cargada la biblioteca nativa APR de Apache Tomcat [1.2.35] con la versión APR [1.7.0].
26-Sep-2022 12:40:05.775 INFO [main] org.apache.catalina.core.AprLifecycleListener.lifecycleEvent Capacidades APR: IPv6 [true], enviar fichero [true], aceptar filtros [false], aleatorio [true], UDS [true].
26-Sep-2022 12:40:05.780 INFO [main] org.apache.catalina.core.AprLifecycleListener.initializeSSL OpenSSL inicializado correctamente [OpenSSL 1.1.1q  5 Jul 2022]
26-Sep-2022 12:40:06.019 INFO [main] org.apache.coyote.AbstractProtocol.init Inicializando el manejador de protocolo ["http-nio-8080"]

26-Sep-2022 12:40:06.042 INFO [main] org.apache.catalina.startup.Catalina.load Server initialization in [469] milliseconds
26-Sep-2022 12:40:06.089 INFO [main] org.apache.catalina.core.StandardService.startInternal Arrancando servicio [Catalina]
26-Sep-2022 12:40:06.089 INFO [main] org.apache.catalina.core.StandardEngine.startInternal Starting Servlet engine: [Apache Tomcat/10.0.23]
26-Sep-2022 12:40:06.098 INFO [main] org.apache.catalina.startup.HostConfig.deployDirectory Desplegando el directorio [C:\Users\fraferda\Desktop\Segundo\Acceso a datos\apache\webapps\docs] de la aplicación web
26-Sep-2022 12:40:06.371 INFO [main] org.apache.catalina.startup.HostConfig.deployDirectory Deployment of web application directory [C:\Users\fraferda\Desktop\Segundo\Acceso a datos\apache\webapps\docs] has finished in [272] ms
26-Sep-2022 12:40:06.372 INFO [main] org.apache.catalina.startup.HostConfig.deployDirectory Desplegando el directorio [C:\Users\fraferda\Desktop\Segundo\Acceso a datos\apache\webapps\examples] de la aplicación web
26-Sep-2022 12:40:06.789 INFO [main] org.apache.catalina.startup.HostConfig.deployDirectory Deployment of web application directory [C:\Users\fraferda\Desktop\Segundo\Acceso a datos\apache\webapps\examples] has finished in [417] ms
26-Sep-2022 12:40:06.790 INFO [main] org.apache.catalina.startup.HostConfig.deployDirectory Desplegando el directorio [C:\Users\fraferda\Desktop\Segundo\Acceso a datos\apache\webapps\host-manager] de la aplicación web
26-Sep-2022 12:40:06.831 INFO [main] org.apache.catalina.startup.HostConfig.deployDirectory Deployment of web application directory [C:\Users\fraferda\Desktop\Segundo\Acceso a datos\apache\webapps\host-manager] has finished in [41] ms
26-Sep-2022 12:40:06.831 INFO [main] org.apache.catalina.startup.HostConfig.deployDirectory Desplegando el directorio [C:\Users\fraferda\Desktop\Segundo\Acceso a datos\apache\webapps\manager] de la aplicación web
26-Sep-2022 12:40:06.875 INFO [main] org.apache.catalina.startup.HostConfig.deployDirectory Deployment of web application directory [C:\Users\fraferda\Desktop\Segundo\Acceso a datos\apache\webapps\manager] has finished in [44] ms
26-Sep-2022 12:40:06.875 INFO [main] org.apache.catalina.startup.HostConfig.deployDirectory Desplegando el directorio [C:\Users\fraferda\Desktop\Segundo\Acceso a datos\apache\webapps\ROOT] de la aplicación web
26-Sep-2022 12:40:06.902 INFO [main] org.apache.catalina.startup.HostConfig.deployDirectory Deployment of web application directory [C:\Users\fraferda\Desktop\Segundo\Acceso a datos\apache\webapps\ROOT] has finished in [27] ms
26-Sep-2022 12:40:06.905 INFO [main] org.apache.coyote.AbstractProtocol.start Starting ProtocolHandler ["http-nio-8080"]
26-Sep-2022 12:40:06.949 INFO [main] org.apache.catalina.startup.Catalina.start Server startup in [904] milliseconds
